2011/07/11 08:11:16 [error] [php] include(pass.php): failed to open stream: No such file or directory (/var/www/yii/framework/YiiBase.php:421)
Stack trace:
#0 /var/www/yii/framework/validators/CValidator.php(166): import()
#1 /var/www/yii/framework/base/CModel.php(283): createValidator()
#2 /var/www/yii/framework/base/CModel.php(257): Users->createValidators()
#3 /var/www/yii/framework/base/CModel.php(301): Users->getValidators()
#4 /var/www/yii/framework/web/helpers/CHtml.php(1179): Users->isAttributeRequired()
#5 /var/www/yii/framework/web/widgets/CActiveForm.php(553): activeLabelEx()
#6 /var/www/dxapp/protected/views/users/_form.php(13): CActiveForm->labelEx()
#7 /var/www/yii/framework/web/CBaseController.php(119): require()
#8 /var/www/yii/framework/web/CBaseController.php(88): UsersController->renderInternal()
#9 /var/www/yii/framework/web/CController.php(866): UsersController->renderFile()
#10 /var/www/dxapp/protected/views/users/create.php(15): UsersController->renderPartial()
#11 /var/www/yii/framework/web/CBaseController.php(119): require()
#12 /var/www/yii/framework/web/CBaseController.php(88): UsersController->renderInternal()
#13 /var/www/yii/framework/web/CController.php(866): UsersController->renderFile()
#14 /var/www/yii/framework/web/CController.php(779): UsersController->renderPartial()
#15 /var/www/dxapp/protected/controllers/UsersController.php(79): UsersController->render()
#16 /var/www/yii/framework/web/actions/CInlineAction.php(50): UsersController->actionCreate()
#17 /var/www/yii/framework/web/CController.php(300): CInlineAction->runWithParams()
#18 /var/www/yii/framework/web/filters/CFilterChain.php(134): UsersController->runAction()
#19 /var/www/yii/framework/web/filters/CFilter.php(41): CFilterChain->run()
#20 /var/www/yii/framework/web/CController.php(1144): CAccessControlFilter->filter()
#21 /var/www/yii/framework/web/filters/CInlineFilter.php(59): UsersController->filterAccessControl()
#22 /var/www/yii/framework/web/filters/CFilterChain.php(131): CInlineFilter->filter()
#23 /var/www/yii/framework/web/CController.php(283): CFilterChain->run()
#24 /var/www/yii/framework/web/CController.php(257): UsersController->runActionWithFilters()
#25 /var/www/yii/framework/web/CWebApplication.php(277): UsersController->run()
#26 /var/www/yii/framework/web/CWebApplication.php(136): CWebApplication->runController()
#27 /var/www/yii/framework/base/CApplication.php(158): CWebApplication->processRequest()
#28 /var/www/dxapp/index.php(13): CWebApplication->run()
REQUEST_URI=/index.php/users/create
in /var/www/dxapp/protected/views/users/_form.php (13)
in /var/www/dxapp/protected/views/users/create.php (15)
in /var/www/dxapp/protected/controllers/UsersController.php (79)
2011/07/11 08:12:09 [error] [php] include(pass.php): failed to open stream: No such file or directory (/var/www/yii/framework/YiiBase.php:421)
Stack trace:
#0 /var/www/yii/framework/validators/CValidator.php(166): import()
#1 /var/www/yii/framework/base/CModel.php(283): createValidator()
#2 /var/www/yii/framework/base/CModel.php(257): Users->createValidators()
#3 /var/www/yii/framework/base/CModel.php(301): Users->getValidators()
#4 /var/www/yii/framework/web/helpers/CHtml.php(1179): Users->isAttributeRequired()
#5 /var/www/yii/framework/web/widgets/CActiveForm.php(553): activeLabelEx()
#6 /var/www/dxapp/protected/views/users/_form.php(13): CActiveForm->labelEx()
#7 /var/www/yii/framework/web/CBaseController.php(119): require()
#8 /var/www/yii/framework/web/CBaseController.php(88): UsersController->renderInternal()
#9 /var/www/yii/framework/web/CController.php(866): UsersController->renderFile()
#10 /var/www/dxapp/protected/views/users/create.php(15): UsersController->renderPartial()
#11 /var/www/yii/framework/web/CBaseController.php(119): require()
#12 /var/www/yii/framework/web/CBaseController.php(88): UsersController->renderInternal()
#13 /var/www/yii/framework/web/CController.php(866): UsersController->renderFile()
#14 /var/www/yii/framework/web/CController.php(779): UsersController->renderPartial()
#15 /var/www/dxapp/protected/controllers/UsersController.php(79): UsersController->render()
#16 /var/www/yii/framework/web/actions/CInlineAction.php(50): UsersController->actionCreate()
#17 /var/www/yii/framework/web/CController.php(300): CInlineAction->runWithParams()
#18 /var/www/yii/framework/web/filters/CFilterChain.php(134): UsersController->runAction()
#19 /var/www/yii/framework/web/filters/CFilter.php(41): CFilterChain->run()
#20 /var/www/yii/framework/web/CController.php(1144): CAccessControlFilter->filter()
#21 /var/www/yii/framework/web/filters/CInlineFilter.php(59): UsersController->filterAccessControl()
#22 /var/www/yii/framework/web/filters/CFilterChain.php(131): CInlineFilter->filter()
#23 /var/www/yii/framework/web/CController.php(283): CFilterChain->run()
#24 /var/www/yii/framework/web/CController.php(257): UsersController->runActionWithFilters()
#25 /var/www/yii/framework/web/CWebApplication.php(277): UsersController->run()
#26 /var/www/yii/framework/web/CWebApplication.php(136): CWebApplication->runController()
#27 /var/www/yii/framework/base/CApplication.php(158): CWebApplication->processRequest()
#28 /var/www/dxapp/index.php(13): CWebApplication->run()
REQUEST_URI=/index.php/users/create
in /var/www/dxapp/protected/views/users/_form.php (13)
in /var/www/dxapp/protected/views/users/create.php (15)
in /var/www/dxapp/protected/controllers/UsersController.php (79)
2011/07/11 08:12:15 [error] [php] include(pass.php): failed to open stream: No such file or directory (/var/www/yii/framework/YiiBase.php:421)
Stack trace:
#0 /var/www/yii/framework/validators/CValidator.php(166): import()
#1 /var/www/yii/framework/base/CModel.php(283): createValidator()
#2 /var/www/yii/framework/base/CModel.php(257): Users->createValidators()
#3 /var/www/yii/framework/base/CModel.php(301): Users->getValidators()
#4 /var/www/yii/framework/web/helpers/CHtml.php(1179): Users->isAttributeRequired()
#5 /var/www/yii/framework/web/widgets/CActiveForm.php(553): activeLabelEx()
#6 /var/www/dxapp/protected/views/users/_form.php(13): CActiveForm->labelEx()
#7 /var/www/yii/framework/web/CBaseController.php(119): require()
#8 /var/www/yii/framework/web/CBaseController.php(88): UsersController->renderInternal()
#9 /var/www/yii/framework/web/CController.php(866): UsersController->renderFile()
#10 /var/www/dxapp/protected/views/users/create.php(15): UsersController->renderPartial()
#11 /var/www/yii/framework/web/CBaseController.php(119): require()
#12 /var/www/yii/framework/web/CBaseController.php(88): UsersController->renderInternal()
#13 /var/www/yii/framework/web/CController.php(866): UsersController->renderFile()
#14 /var/www/yii/framework/web/CController.php(779): UsersController->renderPartial()
#15 /var/www/dxapp/protected/controllers/UsersController.php(79): UsersController->render()
#16 /var/www/yii/framework/web/actions/CInlineAction.php(50): UsersController->actionCreate()
#17 /var/www/yii/framework/web/CController.php(300): CInlineAction->runWithParams()
#18 /var/www/yii/framework/web/filters/CFilterChain.php(134): UsersController->runAction()
#19 /var/www/yii/framework/web/filters/CFilter.php(41): CFilterChain->run()
#20 /var/www/yii/framework/web/CController.php(1144): CAccessControlFilter->filter()
#21 /var/www/yii/framework/web/filters/CInlineFilter.php(59): UsersController->filterAccessControl()
#22 /var/www/yii/framework/web/filters/CFilterChain.php(131): CInlineFilter->filter()
#23 /var/www/yii/framework/web/CController.php(283): CFilterChain->run()
#24 /var/www/yii/framework/web/CController.php(257): UsersController->runActionWithFilters()
#25 /var/www/yii/framework/web/CWebApplication.php(277): UsersController->run()
#26 /var/www/yii/framework/web/CWebApplication.php(136): CWebApplication->runController()
#27 /var/www/yii/framework/base/CApplication.php(158): CWebApplication->processRequest()
#28 /var/www/dxapp/index.php(13): CWebApplication->run()
REQUEST_URI=/index.php/users/create
in /var/www/dxapp/protected/views/users/_form.php (13)
in /var/www/dxapp/protected/views/users/create.php (15)
in /var/www/dxapp/protected/controllers/UsersController.php (79)
2011/07/11 08:12:24 [error] [php] include(pass.php): failed to open stream: No such file or directory (/var/www/yii/framework/YiiBase.php:421)
Stack trace:
#0 /var/www/yii/framework/validators/CValidator.php(166): import()
#1 /var/www/yii/framework/base/CModel.php(283): createValidator()
#2 /var/www/yii/framework/base/CModel.php(257): Users->createValidators()
#3 /var/www/yii/framework/base/CModel.php(301): Users->getValidators()
#4 /var/www/yii/framework/web/helpers/CHtml.php(1179): Users->isAttributeRequired()
#5 /var/www/yii/framework/web/widgets/CActiveForm.php(553): activeLabelEx()
#6 /var/www/dxapp/protected/views/users/_form.php(13): CActiveForm->labelEx()
#7 /var/www/yii/framework/web/CBaseController.php(119): require()
#8 /var/www/yii/framework/web/CBaseController.php(88): UsersController->renderInternal()
#9 /var/www/yii/framework/web/CController.php(866): UsersController->renderFile()
#10 /var/www/dxapp/protected/views/users/create.php(15): UsersController->renderPartial()
#11 /var/www/yii/framework/web/CBaseController.php(119): require()
#12 /var/www/yii/framework/web/CBaseController.php(88): UsersController->renderInternal()
#13 /var/www/yii/framework/web/CController.php(866): UsersController->renderFile()
#14 /var/www/yii/framework/web/CController.php(779): UsersController->renderPartial()
#15 /var/www/dxapp/protected/controllers/UsersController.php(79): UsersController->render()
#16 /var/www/yii/framework/web/actions/CInlineAction.php(50): UsersController->actionCreate()
#17 /var/www/yii/framework/web/CController.php(300): CInlineAction->runWithParams()
#18 /var/www/yii/framework/web/filters/CFilterChain.php(134): UsersController->runAction()
#19 /var/www/yii/framework/web/filters/CFilter.php(41): CFilterChain->run()
#20 /var/www/yii/framework/web/CController.php(1144): CAccessControlFilter->filter()
#21 /var/www/yii/framework/web/filters/CInlineFilter.php(59): UsersController->filterAccessControl()
#22 /var/www/yii/framework/web/filters/CFilterChain.php(131): CInlineFilter->filter()
#23 /var/www/yii/framework/web/CController.php(283): CFilterChain->run()
#24 /var/www/yii/framework/web/CController.php(257): UsersController->runActionWithFilters()
#25 /var/www/yii/framework/web/CWebApplication.php(277): UsersController->run()
#26 /var/www/yii/framework/web/CWebApplication.php(136): CWebApplication->runController()
#27 /var/www/yii/framework/base/CApplication.php(158): CWebApplication->processRequest()
#28 /var/www/dxapp/index.php(13): CWebApplication->run()
REQUEST_URI=/index.php/users/create
in /var/www/dxapp/protected/views/users/_form.php (13)
in /var/www/dxapp/protected/views/users/create.php (15)
in /var/www/dxapp/protected/controllers/UsersController.php (79)
2011/07/11 08:14:03 [warning] [application] Failed to set unsafe attribute "pass" of "Users".
in /var/www/dxapp/protected/controllers/UsersController.php (71)
in /var/www/dxapp/index.php (13)
2011/07/11 08:14:03 [error] [exception.CException] exception 'CException' with message 'Property "UsersController.pass" is not defined.' in /var/www/yii/framework/base/CComponent.php:131
Stack trace:
#0 /var/www/dxapp/protected/controllers/UsersController.php(72): CComponent->__get('pass')
#1 /var/www/yii/framework/web/actions/CInlineAction.php(50): UsersController->actionCreate()
#2 /var/www/yii/framework/web/CController.php(300): CInlineAction->runWithParams(Array)
#3 /var/www/yii/framework/web/filters/CFilterChain.php(134): CController->runAction(Object(CInlineAction))
#4 /var/www/yii/framework/web/filters/CFilter.php(41): CFilterChain->run()
#5 /var/www/yii/framework/web/CController.php(1144): CFilter->filter(Object(CFilterChain))
#6 /var/www/yii/framework/web/filters/CInlineFilter.php(59): CController->filterAccessControl(Object(CFilterChain))
#7 /var/www/yii/framework/web/filters/CFilterChain.php(131): CInlineFilter->filter(Object(CFilterChain))
#8 /var/www/yii/framework/web/CController.php(283): CFilterChain->run()
#9 /var/www/yii/framework/web/CController.php(257): CController->runActionWithFilters(Object(CInlineAction), Array)
#10 /var/www/yii/framework/web/CWebApplication.php(277): CController->run('create')
#11 /var/www/yii/framework/web/CWebApplication.php(136): CWebApplication->runController('users/create')
#12 /var/www/yii/framework/base/CApplication.php(158): CWebApplication->processRequest()
#13 /var/www/dxapp/index.php(13): CApplication->run()
#14 {main} REQUEST_URI=/index.php/users/create
2011/07/11 08:14:18 [warning] [application] Failed to set unsafe attribute "pass" of "Users".
in /var/www/dxapp/protected/controllers/UsersController.php (71)
in /var/www/dxapp/index.php (13)
2011/07/11 08:14:18 [error] [exception.CException] exception 'CException' with message 'Property "UsersController.pass" is not defined.' in /var/www/yii/framework/base/CComponent.php:131
Stack trace:
#0 /var/www/dxapp/protected/controllers/UsersController.php(72): CComponent->__get('pass')
#1 /var/www/yii/framework/web/actions/CInlineAction.php(50): UsersController->actionCreate()
#2 /var/www/yii/framework/web/CController.php(300): CInlineAction->runWithParams(Array)
#3 /var/www/yii/framework/web/filters/CFilterChain.php(134): CController->runAction(Object(CInlineAction))
#4 /var/www/yii/framework/web/filters/CFilter.php(41): CFilterChain->run()
#5 /var/www/yii/framework/web/CController.php(1144): CFilter->filter(Object(CFilterChain))
#6 /var/www/yii/framework/web/filters/CInlineFilter.php(59): CController->filterAccessControl(Object(CFilterChain))
#7 /var/www/yii/framework/web/filters/CFilterChain.php(131): CInlineFilter->filter(Object(CFilterChain))
#8 /var/www/yii/framework/web/CController.php(283): CFilterChain->run()
#9 /var/www/yii/framework/web/CController.php(257): CController->runActionWithFilters(Object(CInlineAction), Array)
#10 /var/www/yii/framework/web/CWebApplication.php(277): CController->run('create')
#11 /var/www/yii/framework/web/CWebApplication.php(136): CWebApplication->runController('users/create')
#12 /var/www/yii/framework/base/CApplication.php(158): CWebApplication->processRequest()
#13 /var/www/dxapp/index.php(13): CApplication->run()
#14 {main} REQUEST_URI=/index.php/users/create
2011/07/11 08:15:07 [warning] [application] Failed to set unsafe attribute "pass" of "Users".
in /var/www/dxapp/protected/controllers/UsersController.php (71)
in /var/www/dxapp/index.php (13)
2011/07/11 08:39:15 [error] [system.db.CDbCommand] CDbCommand::fetchAll() failed: SQLSTATE[42S22]: Column not found: 1054 Unknown column 'employee' in 'where clause'. The SQL statement executed was: SELECT * FROM `Users` `t` WHERE role = employee.
in /var/www/dxapp/protected/models/Users.php (22)
in /var/www/dxapp/protected/controllers/UsersController.php (33)
in /var/www/dxapp/index.php (13)
2011/07/11 08:39:15 [error] [exception.CDbException] exception 'CDbException' with message 'CDbCommand failed to execute the SQL statement: SQLSTATE[42S22]: Column not found: 1054 Unknown column 'employee' in 'where clause'. The SQL statement executed was: SELECT * FROM `Users` `t` WHERE role = employee' in /var/www/yii/framework/db/CDbCommand.php:516
Stack trace:
#0 /var/www/yii/framework/db/CDbCommand.php(374): CDbCommand->queryInternal('fetchAll', Array, Array)
#1 /var/www/yii/framework/db/ar/CActiveRecord.php(1290): CDbCommand->queryAll()
#2 /var/www/yii/framework/db/ar/CActiveRecord.php(1410): CActiveRecord->query(Object(CDbCriteria), true)
#3 /var/www/dxapp/protected/models/Users.php(22): CActiveRecord->findAll('role = employee')
#4 /var/www/dxapp/protected/controllers/UsersController.php(33): Users->getUserListByRole('employee')
#5 /var/www/yii/framework/web/CController.php(1143): UsersController->accessRules()
#6 /var/www/yii/framework/web/filters/CInlineFilter.php(59): CController->filterAccessControl(Object(CFilterChain))
#7 /var/www/yii/framework/web/filters/CFilterChain.php(131): CInlineFilter->filter(Object(CFilterChain))
#8 /var/www/yii/framework/web/CController.php(283): CFilterChain->run()
#9 /var/www/yii/framework/web/CController.php(257): CController->runActionWithFilters(Object(CInlineAction), Array)
#10 /var/www/yii/framework/web/CWebApplication.php(277): CController->run('index')
#11 /var/www/yii/framework/web/CWebApplication.php(136): CWebApplication->runController('users/index')
#12 /var/www/yii/framework/base/CApplication.php(158): CWebApplication->processRequest()
#13 /var/www/dxapp/index.php(13): CApplication->run()
#14 {main} REQUEST_URI=/index.php/users/index
2011/07/11 08:49:00 [error] [exception.CHttpException.403] exception 'CHttpException' with message 'You are not authorized to perform this action.' in /var/www/yii/framework/web/auth/CAccessControlFilter.php:158
Stack trace:
#0 /var/www/yii/framework/web/auth/CAccessControlFilter.php(120): CAccessControlFilter->accessDenied(Object(CWebUser), 'You are not aut...')
#1 /var/www/yii/framework/web/filters/CFilter.php(39): CAccessControlFilter->preFilter(Object(CFilterChain))
#2 /var/www/yii/framework/web/CController.php(1144): CFilter->filter(Object(CFilterChain))
#3 /var/www/yii/framework/web/filters/CInlineFilter.php(59): CController->filterAccessControl(Object(CFilterChain))
#4 /var/www/yii/framework/web/filters/CFilterChain.php(131): CInlineFilter->filter(Object(CFilterChain))
#5 /var/www/yii/framework/web/CController.php(283): CFilterChain->run()
#6 /var/www/yii/framework/web/CController.php(257): CController->runActionWithFilters(Object(CInlineAction), Array)
#7 /var/www/yii/framework/web/CWebApplication.php(277): CController->run('view')
#8 /var/www/yii/framework/web/CWebApplication.php(136): CWebApplication->runController('users/view')
#9 /var/www/yii/framework/base/CApplication.php(158): CWebApplication->processRequest()
#10 /var/www/dxapp/index.php(13): CApplication->run()
#11 {main} REQUEST_URI=/index.php/users/5
2011/07/11 08:58:22 [error] [exception.CHttpException.403] exception 'CHttpException' with message 'You are not authorized to perform this action.' in /var/www/yii/framework/web/auth/CAccessControlFilter.php:158
Stack trace:
#0 /var/www/yii/framework/web/auth/CAccessControlFilter.php(120): CAccessControlFilter->accessDenied(Object(CWebUser), 'You are not aut...')
#1 /var/www/yii/framework/web/filters/CFilter.php(39): CAccessControlFilter->preFilter(Object(CFilterChain))
#2 /var/www/yii/framework/web/CController.php(1144): CFilter->filter(Object(CFilterChain))
#3 /var/www/yii/framework/web/filters/CInlineFilter.php(59): CController->filterAccessControl(Object(CFilterChain))
#4 /var/www/yii/framework/web/filters/CFilterChain.php(131): CInlineFilter->filter(Object(CFilterChain))
#5 /var/www/yii/framework/web/CController.php(283): CFilterChain->run()
#6 /var/www/yii/framework/web/CController.php(257): CController->runActionWithFilters(Object(CInlineAction), Array)
#7 /var/www/yii/framework/web/CWebApplication.php(277): CController->run('admin')
#8 /var/www/yii/framework/web/CWebApplication.php(136): CWebApplication->runController('docs/admin')
#9 /var/www/yii/framework/base/CApplication.php(158): CWebApplication->processRequest()
#10 /var/www/dxapp/index.php(13): CApplication->run()
#11 {main} REQUEST_URI=/index.php/docs/admin
2011/07/11 09:08:32 [error] [php] Trying to get property of non-object (/var/www/dxapp/protected/models/Users.php:33)
Stack trace:
#0 /var/www/yii/framework/web/filters/CInlineFilter.php(59): DocsController->filterAccessControl()
#1 /var/www/yii/framework/web/filters/CFilterChain.php(131): CInlineFilter->filter()
#2 /var/www/yii/framework/web/CController.php(283): CFilterChain->run()
#3 /var/www/yii/framework/web/CController.php(257): DocsController->runActionWithFilters()
#4 /var/www/yii/framework/web/CWebApplication.php(277): DocsController->run()
#5 /var/www/yii/framework/web/CWebApplication.php(136): CWebApplication->runController()
#6 /var/www/yii/framework/base/CApplication.php(158): CWebApplication->processRequest()
#7 /var/www/dxapp/index.php(13): CWebApplication->run()
REQUEST_URI=/index.php/docs/index
in /var/www/dxapp/protected/models/Users.php (33)
in /var/www/dxapp/protected/controllers/DocsController.php (37)
in /var/www/dxapp/index.php (13)
2011/07/11 09:09:13 [error] [exception.CHttpException.403] exception 'CHttpException' with message 'You are not authorized to perform this action.' in /var/www/yii/framework/web/auth/CAccessControlFilter.php:158
Stack trace:
#0 /var/www/yii/framework/web/auth/CAccessControlFilter.php(120): CAccessControlFilter->accessDenied(Object(CWebUser), 'You are not aut...')
#1 /var/www/yii/framework/web/filters/CFilter.php(39): CAccessControlFilter->preFilter(Object(CFilterChain))
#2 /var/www/yii/framework/web/CController.php(1144): CFilter->filter(Object(CFilterChain))
#3 /var/www/yii/framework/web/filters/CInlineFilter.php(59): CController->filterAccessControl(Object(CFilterChain))
#4 /var/www/yii/framework/web/filters/CFilterChain.php(131): CInlineFilter->filter(Object(CFilterChain))
#5 /var/www/yii/framework/web/CController.php(283): CFilterChain->run()
#6 /var/www/yii/framework/web/CController.php(257): CController->runActionWithFilters(Object(CInlineAction), Array)
#7 /var/www/yii/framework/web/CWebApplication.php(277): CController->run('create')
#8 /var/www/yii/framework/web/CWebApplication.php(136): CWebApplication->runController('docs/create')
#9 /var/www/yii/framework/base/CApplication.php(158): CWebApplication->processRequest()
#10 /var/www/dxapp/index.php(13): CApplication->run()
#11 {main} REQUEST_URI=/index.php/docs/create
2011/07/11 09:20:39 [error] [exception.CHttpException.403] exception 'CHttpException' with message 'You are not authorized to perform this action.' in /var/www/yii/framework/web/auth/CAccessControlFilter.php:158
Stack trace:
#0 /var/www/yii/framework/web/auth/CAccessControlFilter.php(120): CAccessControlFilter->accessDenied(Object(CWebUser), 'You are not aut...')
#1 /var/www/yii/framework/web/filters/CFilter.php(39): CAccessControlFilter->preFilter(Object(CFilterChain))
#2 /var/www/yii/framework/web/CController.php(1144): CFilter->filter(Object(CFilterChain))
#3 /var/www/yii/framework/web/filters/CInlineFilter.php(59): CController->filterAccessControl(Object(CFilterChain))
#4 /var/www/yii/framework/web/filters/CFilterChain.php(131): CInlineFilter->filter(Object(CFilterChain))
#5 /var/www/yii/framework/web/CController.php(283): CFilterChain->run()
#6 /var/www/yii/framework/web/CController.php(257): CController->runActionWithFilters(Object(CInlineAction), Array)
#7 /var/www/yii/framework/web/CWebApplication.php(277): CController->run('')
#8 /var/www/yii/framework/web/CWebApplication.php(136): CWebApplication->runController('users')
#9 /var/www/yii/framework/base/CApplication.php(158): CWebApplication->processRequest()
#10 /var/www/dxapp/index.php(13): CApplication->run()
#11 {main} REQUEST_URI=/index.php/users
2011/07/11 09:48:25 [error] [exception.CException] exception 'CException' with message 'Property "Docs.uploadedfile" is not defined.' in /var/www/yii/framework/base/CComponent.php:131
Stack trace:
#0 /var/www/yii/framework/db/ar/CActiveRecord.php(129): CComponent->__get('uploadedfile')
#1 /var/www/dxapp/protected/controllers/DocsController.php(79): CActiveRecord->__get('uploadedfile')
#2 /var/www/yii/framework/web/actions/CInlineAction.php(50): DocsController->actionCreate()
#3 /var/www/yii/framework/web/CController.php(300): CInlineAction->runWithParams(Array)
#4 /var/www/yii/framework/web/filters/CFilterChain.php(134): CController->runAction(Object(CInlineAction))
#5 /var/www/yii/framework/web/filters/CFilter.php(41): CFilterChain->run()
#6 /var/www/yii/framework/web/CController.php(1144): CFilter->filter(Object(CFilterChain))
#7 /var/www/yii/framework/web/filters/CInlineFilter.php(59): CController->filterAccessControl(Object(CFilterChain))
#8 /var/www/yii/framework/web/filters/CFilterChain.php(131): CInlineFilter->filter(Object(CFilterChain))
#9 /var/www/yii/framework/web/CController.php(283): CFilterChain->run()
#10 /var/www/yii/framework/web/CController.php(257): CController->runActionWithFilters(Object(CInlineAction), Array)
#11 /var/www/yii/framework/web/CWebApplication.php(277): CController->run('create')
#12 /var/www/yii/framework/web/CWebApplication.php(136): CWebApplication->runController('docs/create')
#13 /var/www/yii/framework/base/CApplication.php(158): CWebApplication->processRequest()
#14 /var/www/dxapp/index.php(13): CApplication->run()
#15 {main} REQUEST_URI=/index.php/docs/create
2011/07/11 09:51:59 [error] [exception.CException] exception 'CException' with message 'Property "Docs.uploadedfile" is not defined.' in /var/www/yii/framework/base/CComponent.php:131
Stack trace:
#0 /var/www/yii/framework/db/ar/CActiveRecord.php(129): CComponent->__get('uploadedfile')
#1 /var/www/dxapp/protected/controllers/DocsController.php(111): CActiveRecord->__get('uploadedfile')
#2 [internal function]: DocsController->actionUpdate('1')
#3 /var/www/yii/framework/web/actions/CAction.php(104): ReflectionMethod->invokeArgs(Object(DocsController), Array)
#4 /var/www/yii/framework/web/actions/CInlineAction.php(48): CAction->runWithParamsInternal(Object(DocsController), Object(ReflectionMethod), Array)
#5 /var/www/yii/framework/web/CController.php(300): CInlineAction->runWithParams(Array)
#6 /var/www/yii/framework/web/filters/CFilterChain.php(134): CController->runAction(Object(CInlineAction))
#7 /var/www/yii/framework/web/filters/CFilter.php(41): CFilterChain->run()
#8 /var/www/yii/framework/web/CController.php(1144): CFilter->filter(Object(CFilterChain))
#9 /var/www/yii/framework/web/filters/CInlineFilter.php(59): CController->filterAccessControl(Object(CFilterChain))
#10 /var/www/yii/framework/web/filters/CFilterChain.php(131): CInlineFilter->filter(Object(CFilterChain))
#11 /var/www/yii/framework/web/CController.php(283): CFilterChain->run()
#12 /var/www/yii/framework/web/CController.php(257): CController->runActionWithFilters(Object(CInlineAction), Array)
#13 /var/www/yii/framework/web/CWebApplication.php(277): CController->run('update')
#14 /var/www/yii/framework/web/CWebApplication.php(136): CWebApplication->runController('docs/update')
#15 /var/www/yii/framework/base/CApplication.php(158): CWebApplication->processRequest()
#16 /var/www/dxapp/index.php(13): CApplication->run()
#17 {main} REQUEST_URI=/index.php/docs/update/1
2011/07/11 09:53:00 [error] [php] Trying to get property of non-object (/var/www/dxapp/protected/controllers/DocsController.php:79)
Stack trace:
#0 /var/www/yii/framework/web/filters/CFilterChain.php(134): DocsController->runAction()
#1 /var/www/yii/framework/web/filters/CFilter.php(41): CFilterChain->run()
#2 /var/www/yii/framework/web/CController.php(1144): CAccessControlFilter->filter()
#3 /var/www/yii/framework/web/filters/CInlineFilter.php(59): DocsController->filterAccessControl()
#4 /var/www/yii/framework/web/filters/CFilterChain.php(131): CInlineFilter->filter()
#5 /var/www/yii/framework/web/CController.php(283): CFilterChain->run()
#6 /var/www/yii/framework/web/CController.php(257): DocsController->runActionWithFilters()
#7 /var/www/yii/framework/web/CWebApplication.php(277): DocsController->run()
#8 /var/www/yii/framework/web/CWebApplication.php(136): CWebApplication->runController()
#9 /var/www/yii/framework/base/CApplication.php(158): CWebApplication->processRequest()
#10 /var/www/dxapp/index.php(13): CWebApplication->run()
REQUEST_URI=/index.php/docs/create
in /var/www/dxapp/protected/controllers/DocsController.php (79)
in /var/www/dxapp/index.php (13)
2011/07/11 09:54:28 [error] [php] Trying to get property of non-object (/var/www/dxapp/protected/controllers/DocsController.php:79)
Stack trace:
#0 /var/www/yii/framework/web/filters/CFilterChain.php(134): DocsController->runAction()
#1 /var/www/yii/framework/web/filters/CFilter.php(41): CFilterChain->run()
#2 /var/www/yii/framework/web/CController.php(1144): CAccessControlFilter->filter()
#3 /var/www/yii/framework/web/filters/CInlineFilter.php(59): DocsController->filterAccessControl()
#4 /var/www/yii/framework/web/filters/CFilterChain.php(131): CInlineFilter->filter()
#5 /var/www/yii/framework/web/CController.php(283): CFilterChain->run()
#6 /var/www/yii/framework/web/CController.php(257): DocsController->runActionWithFilters()
#7 /var/www/yii/framework/web/CWebApplication.php(277): DocsController->run()
#8 /var/www/yii/framework/web/CWebApplication.php(136): CWebApplication->runController()
#9 /var/www/yii/framework/base/CApplication.php(158): CWebApplication->processRequest()
#10 /var/www/dxapp/index.php(13): CWebApplication->run()
REQUEST_URI=/index.php/docs/create
in /var/www/dxapp/protected/controllers/DocsController.php (79)
in /var/www/dxapp/index.php (13)
2011/07/11 09:54:39 [error] [php] Trying to get property of non-object (/var/www/dxapp/protected/controllers/DocsController.php:79)
Stack trace:
#0 /var/www/yii/framework/web/filters/CFilterChain.php(134): DocsController->runAction()
#1 /var/www/yii/framework/web/filters/CFilter.php(41): CFilterChain->run()
#2 /var/www/yii/framework/web/CController.php(1144): CAccessControlFilter->filter()
#3 /var/www/yii/framework/web/filters/CInlineFilter.php(59): DocsController->filterAccessControl()
#4 /var/www/yii/framework/web/filters/CFilterChain.php(131): CInlineFilter->filter()
#5 /var/www/yii/framework/web/CController.php(283): CFilterChain->run()
#6 /var/www/yii/framework/web/CController.php(257): DocsController->runActionWithFilters()
#7 /var/www/yii/framework/web/CWebApplication.php(277): DocsController->run()
#8 /var/www/yii/framework/web/CWebApplication.php(136): CWebApplication->runController()
#9 /var/www/yii/framework/base/CApplication.php(158): CWebApplication->processRequest()
#10 /var/www/dxapp/index.php(13): CWebApplication->run()
REQUEST_URI=/index.php/docs/create
in /var/www/dxapp/protected/controllers/DocsController.php (79)
in /var/www/dxapp/index.php (13)
2011/07/11 09:54:56 [error] [php] Use of undefined constant uploadedFile - assumed 'uploadedFile' (/var/www/dxapp/protected/controllers/DocsController.php:79)
Stack trace:
#0 /var/www/yii/framework/web/filters/CFilterChain.php(134): DocsController->runAction()
#1 /var/www/yii/framework/web/filters/CFilter.php(41): CFilterChain->run()
#2 /var/www/yii/framework/web/CController.php(1144): CAccessControlFilter->filter()
#3 /var/www/yii/framework/web/filters/CInlineFilter.php(59): DocsController->filterAccessControl()
#4 /var/www/yii/framework/web/filters/CFilterChain.php(131): CInlineFilter->filter()
#5 /var/www/yii/framework/web/CController.php(283): CFilterChain->run()
#6 /var/www/yii/framework/web/CController.php(257): DocsController->runActionWithFilters()
#7 /var/www/yii/framework/web/CWebApplication.php(277): DocsController->run()
#8 /var/www/yii/framework/web/CWebApplication.php(136): CWebApplication->runController()
#9 /var/www/yii/framework/base/CApplication.php(158): CWebApplication->processRequest()
#10 /var/www/dxapp/index.php(13): CWebApplication->run()
REQUEST_URI=/index.php/docs/create
in /var/www/dxapp/protected/controllers/DocsController.php (79)
in /var/www/dxapp/index.php (13)
2011/07/11 10:10:48 [error] [php] Undefined variable: model (/var/www/dxapp/protected/views/docs/index.php:18)
Stack trace:
#0 /var/www/yii/framework/web/CController.php(866): DocsController->renderFile()
#1 /var/www/yii/framework/web/CController.php(779): DocsController->renderPartial()
#2 /var/www/dxapp/protected/controllers/DocsController.php(156): DocsController->render()
#3 /var/www/yii/framework/web/actions/CInlineAction.php(50): DocsController->actionIndex()
#4 /var/www/yii/framework/web/CController.php(300): CInlineAction->runWithParams()
#5 /var/www/yii/framework/web/filters/CFilterChain.php(134): DocsController->runAction()
#6 /var/www/yii/framework/web/filters/CFilter.php(41): CFilterChain->run()
#7 /var/www/yii/framework/web/CController.php(1144): CAccessControlFilter->filter()
#8 /var/www/yii/framework/web/filters/CInlineFilter.php(59): DocsController->filterAccessControl()
#9 /var/www/yii/framework/web/filters/CFilterChain.php(131): CInlineFilter->filter()
#10 /var/www/yii/framework/web/CController.php(283): CFilterChain->run()
#11 /var/www/yii/framework/web/CController.php(257): DocsController->runActionWithFilters()
#12 /var/www/yii/framework/web/CWebApplication.php(277): DocsController->run()
#13 /var/www/yii/framework/web/CWebApplication.php(136): CWebApplication->runController()
#14 /var/www/yii/framework/base/CApplication.php(158): CWebApplication->processRequest()
#15 /var/www/dxapp/index.php(13): CWebApplication->run()
REQUEST_URI=/index.php/docs/index
in /var/www/dxapp/protected/views/docs/index.php (18)
in /var/www/dxapp/protected/controllers/DocsController.php (156)
in /var/www/dxapp/index.php (13)
2011/07/11 10:11:51 [error] [exception.CException] exception 'CException' with message 'Property "CLinkColumn.filter" is not defined.' in /var/www/yii/framework/base/CComponent.php:174
Stack trace:
#0 /var/www/yii/framework/YiiBase.php(225): CComponent->__set('filter', false)
#1 /var/www/yii/framework/zii/widgets/grid/CGridView.php(308): YiiBase::createComponent(Array, Object(CGridView))
#2 /var/www/yii/framework/zii/widgets/grid/CGridView.php(279): CGridView->initColumns()
#3 /var/www/yii/framework/web/CBaseController.php(140): CGridView->init()
#4 /var/www/yii/framework/web/CBaseController.php(165): CBaseController->createWidget('zii.widgets.gri...', Array)
#5 /var/www/dxapp/protected/views/docs/index.php(45): CBaseController->widget('zii.widgets.gri...', Array)
#6 /var/www/yii/framework/web/CBaseController.php(119): require('/var/www/dxapp/...')
#7 /var/www/yii/framework/web/CBaseController.php(88): CBaseController->renderInternal('/var/www/dxapp/...', Array, true)
#8 /var/www/yii/framework/web/CController.php(866): CBaseController->renderFile('/var/www/dxapp/...', Array, true)
#9 /var/www/yii/framework/web/CController.php(779): CController->renderPartial('index', Array, true)
#10 /var/www/dxapp/protected/controllers/DocsController.php(161): CController->render('index', Array)
#11 /var/www/yii/framework/web/actions/CInlineAction.php(50): DocsController->actionIndex()
#12 /var/www/yii/framework/web/CController.php(300): CInlineAction->runWithParams(Array)
#13 /var/www/yii/framework/web/filters/CFilterChain.php(134): CController->runAction(Object(CInlineAction))
#14 /var/www/yii/framework/web/filters/CFilter.php(41): CFilterChain->run()
#15 /var/www/yii/framework/web/CController.php(1144): CFilter->filter(Object(CFilterChain))
#16 /var/www/yii/framework/web/filters/CInlineFilter.php(59): CController->filterAccessControl(Object(CFilterChain))
#17 /var/www/yii/framework/web/filters/CFilterChain.php(131): CInlineFilter->filter(Object(CFilterChain))
#18 /var/www/yii/framework/web/CController.php(283): CFilterChain->run()
#19 /var/www/yii/framework/web/CController.php(257): CController->runActionWithFilters(Object(CInlineAction), Array)
#20 /var/www/yii/framework/web/CWebApplication.php(277): CController->run('index')
#21 /var/www/yii/framework/web/CWebApplication.php(136): CWebApplication->runController('docs/index')
#22 /var/www/yii/framework/base/CApplication.php(158): CWebApplication->processRequest()
#23 /var/www/dxapp/index.php(13): CApplication->run()
#24 {main} REQUEST_URI=/index.php/docs/index
2011/07/11 10:21:20 [error] [exception.CHttpException.403] exception 'CHttpException' with message 'You are not authorized to perform this action.' in /var/www/yii/framework/web/auth/CAccessControlFilter.php:158
Stack trace:
#0 /var/www/yii/framework/web/auth/CAccessControlFilter.php(120): CAccessControlFilter->accessDenied(Object(CWebUser), 'You are not aut...')
#1 /var/www/yii/framework/web/filters/CFilter.php(39): CAccessControlFilter->preFilter(Object(CFilterChain))
#2 /var/www/yii/framework/web/CController.php(1144): CFilter->filter(Object(CFilterChain))
#3 /var/www/yii/framework/web/filters/CInlineFilter.php(59): CController->filterAccessControl(Object(CFilterChain))
#4 /var/www/yii/framework/web/filters/CFilterChain.php(131): CInlineFilter->filter(Object(CFilterChain))
#5 /var/www/yii/framework/web/CController.php(283): CFilterChain->run()
#6 /var/www/yii/framework/web/CController.php(257): CController->runActionWithFilters(Object(CInlineAction), Array)
#7 /var/www/yii/framework/web/CWebApplication.php(277): CController->run('download')
#8 /var/www/yii/framework/web/CWebApplication.php(136): CWebApplication->runController('docs/download')
#9 /var/www/yii/framework/base/CApplication.php(158): CWebApplication->processRequest()
#10 /var/www/dxapp/index.php(13): CApplication->run()
#11 {main} REQUEST_URI=/index.php/docs/download/1
2011/07/11 10:21:27 [error] [exception.CHttpException.403] exception 'CHttpException' with message 'You are not authorized to perform this action.' in /var/www/yii/framework/web/auth/CAccessControlFilter.php:158
Stack trace:
#0 /var/www/yii/framework/web/auth/CAccessControlFilter.php(120): CAccessControlFilter->accessDenied(Object(CWebUser), 'You are not aut...')
#1 /var/www/yii/framework/web/filters/CFilter.php(39): CAccessControlFilter->preFilter(Object(CFilterChain))
#2 /var/www/yii/framework/web/CController.php(1144): CFilter->filter(Object(CFilterChain))
#3 /var/www/yii/framework/web/filters/CInlineFilter.php(59): CController->filterAccessControl(Object(CFilterChain))
#4 /var/www/yii/framework/web/filters/CFilterChain.php(131): CInlineFilter->filter(Object(CFilterChain))
#5 /var/www/yii/framework/web/CController.php(283): CFilterChain->run()
#6 /var/www/yii/framework/web/CController.php(257): CController->runActionWithFilters(Object(CInlineAction), Array)
#7 /var/www/yii/framework/web/CWebApplication.php(277): CController->run('download')
#8 /var/www/yii/framework/web/CWebApplication.php(136): CWebApplication->runController('docs/download')
#9 /var/www/yii/framework/base/CApplication.php(158): CWebApplication->processRequest()
#10 /var/www/dxapp/index.php(13): CApplication->run()
#11 {main} REQUEST_URI=/index.php/docs/download/1
2011/07/11 10:24:01 [error] [exception.CException] exception 'CException' with message 'Property "CLinkColumn.heade" is not defined.' in /var/www/yii/framework/base/CComponent.php:174
Stack trace:
#0 /var/www/yii/framework/YiiBase.php(225): CComponent->__set('heade', 'File')
#1 /var/www/yii/framework/zii/widgets/grid/CGridView.php(308): YiiBase::createComponent(Array, Object(CGridView))
#2 /var/www/yii/framework/zii/widgets/grid/CGridView.php(279): CGridView->initColumns()
#3 /var/www/yii/framework/web/CBaseController.php(140): CGridView->init()
#4 /var/www/yii/framework/web/CBaseController.php(165): CBaseController->createWidget('zii.widgets.gri...', Array)
#5 /var/www/dxapp/protected/views/docs/index.php(45): CBaseController->widget('zii.widgets.gri...', Array)
#6 /var/www/yii/framework/web/CBaseController.php(119): require('/var/www/dxapp/...')
#7 /var/www/yii/framework/web/CBaseController.php(88): CBaseController->renderInternal('/var/www/dxapp/...', Array, true)
#8 /var/www/yii/framework/web/CController.php(866): CBaseController->renderFile('/var/www/dxapp/...', Array, true)
#9 /var/www/yii/framework/web/CController.php(779): CController->renderPartial('index', Array, true)
#10 /var/www/dxapp/protected/controllers/DocsController.php(161): CController->render('index', Array)
#11 /var/www/yii/framework/web/actions/CInlineAction.php(50): DocsController->actionIndex()
#12 /var/www/yii/framework/web/CController.php(300): CInlineAction->runWithParams(Array)
#13 /var/www/yii/framework/web/filters/CFilterChain.php(134): CController->runAction(Object(CInlineAction))
#14 /var/www/yii/framework/web/filters/CFilter.php(41): CFilterChain->run()
#15 /var/www/yii/framework/web/CController.php(1144): CFilter->filter(Object(CFilterChain))
#16 /var/www/yii/framework/web/filters/CInlineFilter.php(59): CController->filterAccessControl(Object(CFilterChain))
#17 /var/www/yii/framework/web/filters/CFilterChain.php(131): CInlineFilter->filter(Object(CFilterChain))
#18 /var/www/yii/framework/web/CController.php(283): CFilterChain->run()
#19 /var/www/yii/framework/web/CController.php(257): CController->runActionWithFilters(Object(CInlineAction), Array)
#20 /var/www/yii/framework/web/CWebApplication.php(277): CController->run('index')
#21 /var/www/yii/framework/web/CWebApplication.php(136): CWebApplication->runController('docs/index')
#22 /var/www/yii/framework/base/CApplication.php(158): CWebApplication->processRequest()
#23 /var/www/dxapp/index.php(13): CApplication->run()
#24 {main} REQUEST_URI=/index.php/docs/index
2011/07/11 10:40:10 [error] [exception.CException] exception 'CException' with message 'CWebUser and its behaviors do not have a method or closure named "getRole".' in /var/www/yii/framework/base/CComponent.php:269
Stack trace:
#0 /var/www/dxapp/protected/controllers/DocsController.php(155): CComponent->__call('getRole', Array)
#1 /var/www/dxapp/protected/controllers/DocsController.php(155): CWebUser->getRole()
#2 /var/www/yii/framework/web/actions/CInlineAction.php(50): DocsController->actionIndex()
#3 /var/www/yii/framework/web/CController.php(300): CInlineAction->runWithParams(Array)
#4 /var/www/yii/framework/web/filters/CFilterChain.php(134): CController->runAction(Object(CInlineAction))
#5 /var/www/yii/framework/web/filters/CFilter.php(41): CFilterChain->run()
#6 /var/www/yii/framework/web/CController.php(1144): CFilter->filter(Object(CFilterChain))
#7 /var/www/yii/framework/web/filters/CInlineFilter.php(59): CController->filterAccessControl(Object(CFilterChain))
#8 /var/www/yii/framework/web/filters/CFilterChain.php(131): CInlineFilter->filter(Object(CFilterChain))
#9 /var/www/yii/framework/web/CController.php(283): CFilterChain->run()
#10 /var/www/yii/framework/web/CController.php(257): CController->runActionWithFilters(Object(CInlineAction), Array)
#11 /var/www/yii/framework/web/CWebApplication.php(277): CController->run('index')
#12 /var/www/yii/framework/web/CWebApplication.php(136): CWebApplication->runController('docs/index')
#13 /var/www/yii/framework/base/CApplication.php(158): CWebApplication->processRequest()
#14 /var/www/dxapp/index.php(13): CApplication->run()
#15 {main} REQUEST_URI=/index.php/docs/index
2011/07/11 10:40:19 [error] [exception.CException] exception 'CException' with message 'CWebUser and its behaviors do not have a method or closure named "getRole".' in /var/www/yii/framework/base/CComponent.php:269
Stack trace:
#0 /var/www/dxapp/protected/controllers/DocsController.php(155): CComponent->__call('getRole', Array)
#1 /var/www/dxapp/protected/controllers/DocsController.php(155): CWebUser->getRole()
#2 /var/www/yii/framework/web/actions/CInlineAction.php(50): DocsController->actionIndex()
#3 /var/www/yii/framework/web/CController.php(300): CInlineAction->runWithParams(Array)
#4 /var/www/yii/framework/web/filters/CFilterChain.php(134): CController->runAction(Object(CInlineAction))
#5 /var/www/yii/framework/web/filters/CFilter.php(41): CFilterChain->run()
#6 /var/www/yii/framework/web/CController.php(1144): CFilter->filter(Object(CFilterChain))
#7 /var/www/yii/framework/web/filters/CInlineFilter.php(59): CController->filterAccessControl(Object(CFilterChain))
#8 /var/www/yii/framework/web/filters/CFilterChain.php(131): CInlineFilter->filter(Object(CFilterChain))
#9 /var/www/yii/framework/web/CController.php(283): CFilterChain->run()
#10 /var/www/yii/framework/web/CController.php(257): CController->runActionWithFilters(Object(CInlineAction), Array)
#11 /var/www/yii/framework/web/CWebApplication.php(277): CController->run('')
#12 /var/www/yii/framework/web/CWebApplication.php(136): CWebApplication->runController('docs')
#13 /var/www/yii/framework/base/CApplication.php(158): CWebApplication->processRequest()
#14 /var/www/dxapp/index.php(13): CApplication->run()
#15 {main} REQUEST_URI=/index.php/docs
2011/07/11 10:44:30 [error] [exception.CHttpException.403] exception 'CHttpException' with message 'You are not authorized to perform this action.' in /var/www/yii/framework/web/auth/CAccessControlFilter.php:158
Stack trace:
#0 /var/www/yii/framework/web/auth/CAccessControlFilter.php(120): CAccessControlFilter->accessDenied(Object(CWebUser), 'You are not aut...')
#1 /var/www/yii/framework/web/filters/CFilter.php(39): CAccessControlFilter->preFilter(Object(CFilterChain))
#2 /var/www/yii/framework/web/CController.php(1144): CFilter->filter(Object(CFilterChain))
#3 /var/www/yii/framework/web/filters/CInlineFilter.php(59): CController->filterAccessControl(Object(CFilterChain))
#4 /var/www/yii/framework/web/filters/CFilterChain.php(131): CInlineFilter->filter(Object(CFilterChain))
#5 /var/www/yii/framework/web/CController.php(283): CFilterChain->run()
#6 /var/www/yii/framework/web/CController.php(257): CController->runActionWithFilters(Object(CInlineAction), Array)
#7 /var/www/yii/framework/web/CWebApplication.php(277): CController->run('create')
#8 /var/www/yii/framework/web/CWebApplication.php(136): CWebApplication->runController('docs/create')
#9 /var/www/yii/framework/base/CApplication.php(158): CWebApplication->processRequest()
#10 /var/www/dxapp/index.php(13): CApplication->run()
#11 {main} REQUEST_URI=/index.php/docs/create
2011/07/11 10:44:45 [error] [exception.CException] exception 'CException' with message 'CWebUser and its behaviors do not have a method or closure named "getRole".' in /var/www/yii/framework/base/CComponent.php:269
Stack trace:
#0 /var/www/dxapp/protected/controllers/DocsController.php(155): CComponent->__call('getRole', Array)
#1 /var/www/dxapp/protected/controllers/DocsController.php(155): CWebUser->getRole()
#2 /var/www/yii/framework/web/actions/CInlineAction.php(50): DocsController->actionIndex()
#3 /var/www/yii/framework/web/CController.php(300): CInlineAction->runWithParams(Array)
#4 /var/www/yii/framework/web/filters/CFilterChain.php(134): CController->runAction(Object(CInlineAction))
#5 /var/www/yii/framework/web/filters/CFilter.php(41): CFilterChain->run()
#6 /var/www/yii/framework/web/CController.php(1144): CFilter->filter(Object(CFilterChain))
#7 /var/www/yii/framework/web/filters/CInlineFilter.php(59): CController->filterAccessControl(Object(CFilterChain))
#8 /var/www/yii/framework/web/filters/CFilterChain.php(131): CInlineFilter->filter(Object(CFilterChain))
#9 /var/www/yii/framework/web/CController.php(283): CFilterChain->run()
#10 /var/www/yii/framework/web/CController.php(257): CController->runActionWithFilters(Object(CInlineAction), Array)
#11 /var/www/yii/framework/web/CWebApplication.php(277): CController->run('index')
#12 /var/www/yii/framework/web/CWebApplication.php(136): CWebApplication->runController('docs/index')
#13 /var/www/yii/framework/base/CApplication.php(158): CWebApplication->processRequest()
#14 /var/www/dxapp/index.php(13): CApplication->run()
#15 {main} REQUEST_URI=/index.php/docs/index
2011/07/11 10:47:53 [error] [exception.CException] exception 'CException' with message 'Property "CWebUser.role" is not defined.' in /var/www/yii/framework/base/CComponent.php:131
Stack trace:
#0 /var/www/yii/framework/web/auth/CWebUser.php(124): CComponent->__get('role')
#1 /var/www/dxapp/protected/controllers/DocsController.php(155): CWebUser->__get('role')
#2 /var/www/yii/framework/web/actions/CInlineAction.php(50): DocsController->actionIndex()
#3 /var/www/yii/framework/web/CController.php(300): CInlineAction->runWithParams(Array)
#4 /var/www/yii/framework/web/filters/CFilterChain.php(134): CController->runAction(Object(CInlineAction))
#5 /var/www/yii/framework/web/filters/CFilter.php(41): CFilterChain->run()
#6 /var/www/yii/framework/web/CController.php(1144): CFilter->filter(Object(CFilterChain))
#7 /var/www/yii/framework/web/filters/CInlineFilter.php(59): CController->filterAccessControl(Object(CFilterChain))
#8 /var/www/yii/framework/web/filters/CFilterChain.php(131): CInlineFilter->filter(Object(CFilterChain))
#9 /var/www/yii/framework/web/CController.php(283): CFilterChain->run()
#10 /var/www/yii/framework/web/CController.php(257): CController->runActionWithFilters(Object(CInlineAction), Array)
#11 /var/www/yii/framework/web/CWebApplication.php(277): CController->run('index')
#12 /var/www/yii/framework/web/CWebApplication.php(136): CWebApplication->runController('docs/index')
#13 /var/www/yii/framework/base/CApplication.php(158): CWebApplication->processRequest()
#14 /var/www/dxapp/index.php(13): CApplication->run()
#15 {main} REQUEST_URI=/index.php/docs/index
2011/07/11 11:07:55 [error] [exception.CException] exception 'CException' with message 'Docs and its behaviors do not have a method or closure named "getData".' in /var/www/yii/framework/base/CComponent.php:269
Stack trace:
#0 /var/www/yii/framework/db/ar/CActiveRecord.php(214): CComponent->__call('getData', Array)
#1 /var/www/yii/framework/zii/widgets/CBaseListView.php(105): CActiveRecord->__call('getData', Array)
#2 /var/www/yii/framework/zii/widgets/CBaseListView.php(105): Docs->getData()
#3 /var/www/yii/framework/zii/widgets/grid/CGridView.php(264): CBaseListView->init()
#4 /var/www/yii/framework/web/CBaseController.php(140): CGridView->init()
#5 /var/www/yii/framework/web/CBaseController.php(165): CBaseController->createWidget('zii.widgets.gri...', Array)
#6 /var/www/dxapp/protected/views/docs/index.php(45): CBaseController->widget('zii.widgets.gri...', Array)
#7 /var/www/yii/framework/web/CBaseController.php(119): require('/var/www/dxapp/...')
#8 /var/www/yii/framework/web/CBaseController.php(88): CBaseController->renderInternal('/var/www/dxapp/...', Array, true)
#9 /var/www/yii/framework/web/CController.php(866): CBaseController->renderFile('/var/www/dxapp/...', Array, true)
#10 /var/www/yii/framework/web/CController.php(779): CController->renderPartial('index', Array, true)
#11 /var/www/dxapp/protected/controllers/DocsController.php(167): CController->render('index', Array)
#12 /var/www/yii/framework/web/actions/CInlineAction.php(50): DocsController->actionIndex()
#13 /var/www/yii/framework/web/CController.php(300): CInlineAction->runWithParams(Array)
#14 /var/www/yii/framework/web/filters/CFilterChain.php(134): CController->runAction(Object(CInlineAction))
#15 /var/www/yii/framework/web/filters/CFilter.php(41): CFilterChain->run()
#16 /var/www/yii/framework/web/CController.php(1144): CFilter->filter(Object(CFilterChain))
#17 /var/www/yii/framework/web/filters/CInlineFilter.php(59): CController->filterAccessControl(Object(CFilterChain))
#18 /var/www/yii/framework/web/filters/CFilterChain.php(131): CInlineFilter->filter(Object(CFilterChain))
#19 /var/www/yii/framework/web/CController.php(283): CFilterChain->run()
#20 /var/www/yii/framework/web/CController.php(257): CController->runActionWithFilters(Object(CInlineAction), Array)
#21 /var/www/yii/framework/web/CWebApplication.php(277): CController->run('')
#22 /var/www/yii/framework/web/CWebApplication.php(136): CWebApplication->runController('docs')
#23 /var/www/yii/framework/base/CApplication.php(158): CWebApplication->processRequest()
#24 /var/www/dxapp/index.php(13): CApplication->run()
#25 {main} REQUEST_URI=/index.php/docs
2011/07/11 11:08:11 [error] [exception.CException] exception 'CException' with message 'CActiveDataProvider and its behaviors do not have a method or closure named "findAll".' in /var/www/yii/framework/base/CComponent.php:269
Stack trace:
#0 /var/www/dxapp/protected/controllers/DocsController.php(165): CComponent->__call('findAll', Array)
#1 /var/www/dxapp/protected/controllers/DocsController.php(165): CActiveDataProvider->findAll('role = :role', Array)
#2 /var/www/yii/framework/web/actions/CInlineAction.php(50): DocsController->actionIndex()
#3 /var/www/yii/framework/web/CController.php(300): CInlineAction->runWithParams(Array)
#4 /var/www/yii/framework/web/filters/CFilterChain.php(134): CController->runAction(Object(CInlineAction))
#5 /var/www/yii/framework/web/filters/CFilter.php(41): CFilterChain->run()
#6 /var/www/yii/framework/web/CController.php(1144): CFilter->filter(Object(CFilterChain))
#7 /var/www/yii/framework/web/filters/CInlineFilter.php(59): CController->filterAccessControl(Object(CFilterChain))
#8 /var/www/yii/framework/web/filters/CFilterChain.php(131): CInlineFilter->filter(Object(CFilterChain))
#9 /var/www/yii/framework/web/CController.php(283): CFilterChain->run()
#10 /var/www/yii/framework/web/CController.php(257): CController->runActionWithFilters(Object(CInlineAction), Array)
#11 /var/www/yii/framework/web/CWebApplication.php(277): CController->run('')
#12 /var/www/yii/framework/web/CWebApplication.php(136): CWebApplication->runController('docs')
#13 /var/www/yii/framework/base/CApplication.php(158): CWebApplication->processRequest()
#14 /var/www/dxapp/index.php(13): CApplication->run()
#15 {main} REQUEST_URI=/index.php/docs
2011/07/11 11:08:42 [error] [exception.CException] exception 'CException' with message 'CActiveDataProvider and its behaviors do not have a method or closure named "findAll".' in /var/www/yii/framework/base/CComponent.php:269
Stack trace:
#0 /var/www/dxapp/protected/controllers/DocsController.php(165): CComponent->__call('findAll', Array)
#1 /var/www/dxapp/protected/controllers/DocsController.php(165): CActiveDataProvider->findAll('role = :role', Array)
#2 /var/www/yii/framework/web/actions/CInlineAction.php(50): DocsController->actionIndex()
#3 /var/www/yii/framework/web/CController.php(300): CInlineAction->runWithParams(Array)
#4 /var/www/yii/framework/web/filters/CFilterChain.php(134): CController->runAction(Object(CInlineAction))
#5 /var/www/yii/framework/web/filters/CFilter.php(41): CFilterChain->run()
#6 /var/www/yii/framework/web/CController.php(1144): CFilter->filter(Object(CFilterChain))
#7 /var/www/yii/framework/web/filters/CInlineFilter.php(59): CController->filterAccessControl(Object(CFilterChain))
#8 /var/www/yii/framework/web/filters/CFilterChain.php(131): CInlineFilter->filter(Object(CFilterChain))
#9 /var/www/yii/framework/web/CController.php(283): CFilterChain->run()
#10 /var/www/yii/framework/web/CController.php(257): CController->runActionWithFilters(Object(CInlineAction), Array)
#11 /var/www/yii/framework/web/CWebApplication.php(277): CController->run('')
#12 /var/www/yii/framework/web/CWebApplication.php(136): CWebApplication->runController('docs')
#13 /var/www/yii/framework/base/CApplication.php(158): CWebApplication->processRequest()
#14 /var/www/dxapp/index.php(13): CApplication->run()
#15 {main} REQUEST_URI=/index.php/docs
2011/07/11 11:10:52 [error] [php] get_class() expects parameter 1 to be object, array given (/var/www/yii/framework/web/helpers/CHtml.php:2028)
Stack trace:
#0 /var/www/yii/framework/web/helpers/CHtml.php(1197): resolveNameID()
#1 /var/www/yii/framework/zii/widgets/grid/CDataColumn.php(99): activeTextField()
#2 /var/www/yii/framework/zii/widgets/grid/CGridColumn.php(103): CDataColumn->renderFilterCellContent()
#3 /var/www/yii/framework/zii/widgets/grid/CGridView.php(445): CDataColumn->renderFilterCell()
#4 /var/www/yii/framework/zii/widgets/grid/CGridView.php(423): CGridView->renderFilter()
#5 /var/www/yii/framework/zii/widgets/grid/CGridView.php(393): CGridView->renderTableHeader()
#6 /var/www/yii/framework/zii/widgets/CBaseListView.php(158): CGridView->renderItems()
#7 unknown(0): CGridView->renderSection()
#8 /var/www/yii/framework/zii/widgets/CBaseListView.php(141): preg_replace_callback()
#9 /var/www/yii/framework/zii/widgets/CBaseListView.php(126): CGridView->renderContent()
#10 /var/www/yii/framework/web/CBaseController.php(166): CGridView->run()
#11 /var/www/dxapp/protected/views/docs/index.php(45): DocsController->widget()
#12 /var/www/yii/framework/web/CBaseController.php(119): require()
#13 /var/www/yii/framework/web/CBaseController.php(88): DocsController->renderInternal()
#14 /var/www/yii/framework/web/CController.php(866): DocsController->renderFile()
#15 /var/www/yii/framework/web/CController.php(779): DocsController->renderPartial()
#16 /var/www/dxapp/protected/controllers/DocsController.php(167): DocsController->render()
#17 /var/www/yii/framework/web/actions/CInlineAction.php(50): DocsController->actionIndex()
#18 /var/www/yii/framework/web/CController.php(300): CInlineAction->runWithParams()
#19 /var/www/yii/framework/web/filters/CFilterChain.php(134): DocsController->runAction()
#20 /var/www/yii/framework/web/filters/CFilter.php(41): CFilterChain->run()
#21 /var/www/yii/framework/web/CController.php(1144): CAccessControlFilter->filter()
#22 /var/www/yii/framework/web/filters/CInlineFilter.php(59): DocsController->filterAccessControl()
#23 /var/www/yii/framework/web/filters/CFilterChain.php(131): CInlineFilter->filter()
#24 /var/www/yii/framework/web/CController.php(283): CFilterChain->run()
#25 /var/www/yii/framework/web/CController.php(257): DocsController->runActionWithFilters()
#26 /var/www/yii/framework/web/CWebApplication.php(277): DocsController->run()
#27 /var/www/yii/framework/web/CWebApplication.php(136): CWebApplication->runController()
#28 /var/www/yii/framework/base/CApplication.php(158): CWebApplication->processRequest()
#29 /var/www/dxapp/index.php(13): CWebApplication->run()
REQUEST_URI=/index.php/docs
in /var/www/dxapp/protected/views/docs/index.php (45)
in /var/www/dxapp/protected/controllers/DocsController.php (167)
in /var/www/dxapp/index.php (13)
2011/07/11 11:15:02 [error] [exception.CException] exception 'CException' with message 'Property "Docs.findAll" is not defined.' in /var/www/yii/framework/base/CComponent.php:131
Stack trace:
#0 /var/www/yii/framework/db/ar/CActiveRecord.php(129): CComponent->__get('findAll')
#1 /var/www/dxapp/protected/controllers/DocsController.php(154): CActiveRecord->__get('findAll')
#2 /var/www/yii/framework/web/actions/CInlineAction.php(50): DocsController->actionIndex()
#3 /var/www/yii/framework/web/CController.php(300): CInlineAction->runWithParams(Array)
#4 /var/www/yii/framework/web/filters/CFilterChain.php(134): CController->runAction(Object(CInlineAction))
#5 /var/www/yii/framework/web/filters/CFilter.php(41): CFilterChain->run()
#6 /var/www/yii/framework/web/CController.php(1144): CFilter->filter(Object(CFilterChain))
#7 /var/www/yii/framework/web/filters/CInlineFilter.php(59): CController->filterAccessControl(Object(CFilterChain))
#8 /var/www/yii/framework/web/filters/CFilterChain.php(131): CInlineFilter->filter(Object(CFilterChain))
#9 /var/www/yii/framework/web/CController.php(283): CFilterChain->run()
#10 /var/www/yii/framework/web/CController.php(257): CController->runActionWithFilters(Object(CInlineAction), Array)
#11 /var/www/yii/framework/web/CWebApplication.php(277): CController->run('')
#12 /var/www/yii/framework/web/CWebApplication.php(136): CWebApplication->runController('docs')
#13 /var/www/yii/framework/base/CApplication.php(158): CWebApplication->processRequest()
#14 /var/www/dxapp/index.php(13): CApplication->run()
#15 {main} REQUEST_URI=/index.php/docs
2011/07/11 11:25:20 [error] [php] Undefined variable: id (/var/www/dxapp/protected/controllers/DocsController.php:155)
Stack trace:
#0 /var/www/yii/framework/web/filters/CFilterChain.php(134): DocsController->runAction()
#1 /var/www/yii/framework/web/filters/CFilter.php(41): CFilterChain->run()
#2 /var/www/yii/framework/web/CController.php(1144): CAccessControlFilter->filter()
#3 /var/www/yii/framework/web/filters/CInlineFilter.php(59): DocsController->filterAccessControl()
#4 /var/www/yii/framework/web/filters/CFilterChain.php(131): CInlineFilter->filter()
#5 /var/www/yii/framework/web/CController.php(283): CFilterChain->run()
#6 /var/www/yii/framework/web/CController.php(257): DocsController->runActionWithFilters()
#7 /var/www/yii/framework/web/CWebApplication.php(277): DocsController->run()
#8 /var/www/yii/framework/web/CWebApplication.php(136): CWebApplication->runController()
#9 /var/www/yii/framework/base/CApplication.php(158): CWebApplication->processRequest()
#10 /var/www/dxapp/index.php(13): CWebApplication->run()
REQUEST_URI=/index.php/docs
in /var/www/dxapp/protected/controllers/DocsController.php (155)
in /var/www/dxapp/index.php (13)
2011/07/11 11:39:22 [error] [exception.CHttpException.403] exception 'CHttpException' with message 'You are not authorized to perform this action.' in /var/www/yii/framework/web/auth/CAccessControlFilter.php:158
Stack trace:
#0 /var/www/yii/framework/web/auth/CAccessControlFilter.php(120): CAccessControlFilter->accessDenied(Object(CWebUser), 'You are not aut...')
#1 /var/www/yii/framework/web/filters/CFilter.php(39): CAccessControlFilter->preFilter(Object(CFilterChain))
#2 /var/www/yii/framework/web/CController.php(1144): CFilter->filter(Object(CFilterChain))
#3 /var/www/yii/framework/web/filters/CInlineFilter.php(59): CController->filterAccessControl(Object(CFilterChain))
#4 /var/www/yii/framework/web/filters/CFilterChain.php(131): CInlineFilter->filter(Object(CFilterChain))
#5 /var/www/yii/framework/web/CController.php(283): CFilterChain->run()
#6 /var/www/yii/framework/web/CController.php(257): CController->runActionWithFilters(Object(CInlineAction), Array)
#7 /var/www/yii/framework/web/CWebApplication.php(277): CController->run('create')
#8 /var/www/yii/framework/web/CWebApplication.php(136): CWebApplication->runController('docs/create')
#9 /var/www/yii/framework/base/CApplication.php(158): CWebApplication->processRequest()
#10 /var/www/dxapp/index.php(13): CApplication->run()
#11 {main} REQUEST_URI=/index.php/docs/create
2011/07/11 11:41:27 [error] [exception.CHttpException.403] exception 'CHttpException' with message 'You are not authorized to perform this action.' in /var/www/yii/framework/web/auth/CAccessControlFilter.php:158
Stack trace:
#0 /var/www/yii/framework/web/auth/CAccessControlFilter.php(120): CAccessControlFilter->accessDenied(Object(CWebUser), 'You are not aut...')
#1 /var/www/yii/framework/web/filters/CFilter.php(39): CAccessControlFilter->preFilter(Object(CFilterChain))
#2 /var/www/yii/framework/web/CController.php(1144): CFilter->filter(Object(CFilterChain))
#3 /var/www/yii/framework/web/filters/CInlineFilter.php(59): CController->filterAccessControl(Object(CFilterChain))
#4 /var/www/yii/framework/web/filters/CFilterChain.php(131): CInlineFilter->filter(Object(CFilterChain))
#5 /var/www/yii/framework/web/CController.php(283): CFilterChain->run()
#6 /var/www/yii/framework/web/CController.php(257): CController->runActionWithFilters(Object(CInlineAction), Array)
#7 /var/www/yii/framework/web/CWebApplication.php(277): CController->run('delete')
#8 /var/www/yii/framework/web/CWebApplication.php(136): CWebApplication->runController('docs/delete')
#9 /var/www/yii/framework/base/CApplication.php(158): CWebApplication->processRequest()
#10 /var/www/dxapp/index.php(13): CApplication->run()
#11 {main} REQUEST_URI=/index.php/docs/delete/5
2011/07/11 11:42:14 [error] [exception.CHttpException.400] exception 'CHttpException' with message 'Invalid request. Please do not repeat this request again.' in /var/www/dxapp/protected/controllers/DocsController.php:145
Stack trace:
#0 [internal function]: DocsController->actionDelete('5')
#1 /var/www/yii/framework/web/actions/CAction.php(104): ReflectionMethod->invokeArgs(Object(DocsController), Array)
#2 /var/www/yii/framework/web/actions/CInlineAction.php(48): CAction->runWithParamsInternal(Object(DocsController), Object(ReflectionMethod), Array)
#3 /var/www/yii/framework/web/CController.php(300): CInlineAction->runWithParams(Array)
#4 /var/www/yii/framework/web/filters/CFilterChain.php(134): CController->runAction(Object(CInlineAction))
#5 /var/www/yii/framework/web/filters/CFilter.php(41): CFilterChain->run()
#6 /var/www/yii/framework/web/CController.php(1144): CFilter->filter(Object(CFilterChain))
#7 /var/www/yii/framework/web/filters/CInlineFilter.php(59): CController->filterAccessControl(Object(CFilterChain))
#8 /var/www/yii/framework/web/filters/CFilterChain.php(131): CInlineFilter->filter(Object(CFilterChain))
#9 /var/www/yii/framework/web/CController.php(283): CFilterChain->run()
#10 /var/www/yii/framework/web/CController.php(257): CController->runActionWithFilters(Object(CInlineAction), Array)
#11 /var/www/yii/framework/web/CWebApplication.php(277): CController->run('delete')
#12 /var/www/yii/framework/web/CWebApplication.php(136): CWebApplication->runController('docs/delete')
#13 /var/www/yii/framework/base/CApplication.php(158): CWebApplication->processRequest()
#14 /var/www/dxapp/index.php(13): CApplication->run()
#15 {main} REQUEST_URI=/index.php/docs/delete/5
2011/07/11 11:48:52 [error] [exception.CHttpException.403] exception 'CHttpException' with message 'You are not authorized to perform this action.' in /var/www/yii/framework/web/auth/CAccessControlFilter.php:158
Stack trace:
#0 /var/www/yii/framework/web/auth/CAccessControlFilter.php(120): CAccessControlFilter->accessDenied(Object(CWebUser), 'You are not aut...')
#1 /var/www/yii/framework/web/filters/CFilter.php(39): CAccessControlFilter->preFilter(Object(CFilterChain))
#2 /var/www/yii/framework/web/CController.php(1144): CFilter->filter(Object(CFilterChain))
#3 /var/www/yii/framework/web/filters/CInlineFilter.php(59): CController->filterAccessControl(Object(CFilterChain))
#4 /var/www/yii/framework/web/filters/CFilterChain.php(131): CInlineFilter->filter(Object(CFilterChain))
#5 /var/www/yii/framework/web/CController.php(283): CFilterChain->run()
#6 /var/www/yii/framework/web/CController.php(257): CController->runActionWithFilters(Object(CInlineAction), Array)
#7 /var/www/yii/framework/web/CWebApplication.php(277): CController->run('admin')
#8 /var/www/yii/framework/web/CWebApplication.php(136): CWebApplication->runController('docs/admin')
#9 /var/www/yii/framework/base/CApplication.php(158): CWebApplication->processRequest()
#10 /var/www/dxapp/index.php(13): CApplication->run()
#11 {main} REQUEST_URI=/index.php/docs/admin
2011/07/11 11:51:17 [error] [php] Undefined index: Docs (/var/www/dxapp/protected/controllers/DocsController.php:164)
Stack trace:
#0 /var/www/yii/framework/web/filters/CFilterChain.php(134): DocsController->runAction()
#1 /var/www/yii/framework/web/filters/CFilter.php(41): CFilterChain->run()
#2 /var/www/yii/framework/web/CController.php(1144): CAccessControlFilter->filter()
#3 /var/www/yii/framework/web/filters/CInlineFilter.php(59): DocsController->filterAccessControl()
#4 /var/www/yii/framework/web/filters/CFilterChain.php(131): CInlineFilter->filter()
#5 /var/www/yii/framework/web/CController.php(283): CFilterChain->run()
#6 /var/www/yii/framework/web/CController.php(257): DocsController->runActionWithFilters()
#7 /var/www/yii/framework/web/CWebApplication.php(277): DocsController->run()
#8 /var/www/yii/framework/web/CWebApplication.php(136): CWebApplication->runController()
#9 /var/www/yii/framework/base/CApplication.php(158): CWebApplication->processRequest()
#10 /var/www/dxapp/index.php(13): CWebApplication->run()
REQUEST_URI=/index.php/docs/index
in /var/www/dxapp/protected/controllers/DocsController.php (164)
in /var/www/dxapp/index.php (13)
2011/07/11 11:52:42 [error] [php] Indirect modification of overloaded property Docs::$attributes has no effect (/var/www/dxapp/protected/controllers/DocsController.php:162)
Stack trace:
#0 /var/www/yii/framework/web/filters/CFilterChain.php(134): DocsController->runAction()
#1 /var/www/yii/framework/web/filters/CFilter.php(41): CFilterChain->run()
#2 /var/www/yii/framework/web/CController.php(1144): CAccessControlFilter->filter()
#3 /var/www/yii/framework/web/filters/CInlineFilter.php(59): DocsController->filterAccessControl()
#4 /var/www/yii/framework/web/filters/CFilterChain.php(131): CInlineFilter->filter()
#5 /var/www/yii/framework/web/CController.php(283): CFilterChain->run()
#6 /var/www/yii/framework/web/CController.php(257): DocsController->runActionWithFilters()
#7 /var/www/yii/framework/web/CWebApplication.php(277): DocsController->run()
#8 /var/www/yii/framework/web/CWebApplication.php(136): CWebApplication->runController()
#9 /var/www/yii/framework/base/CApplication.php(158): CWebApplication->processRequest()
#10 /var/www/dxapp/index.php(13): CWebApplication->run()
REQUEST_URI=/index.php/docs/index
in /var/www/dxapp/protected/controllers/DocsController.php (162)
in /var/www/dxapp/index.php (13)
2011/07/11 11:54:11 [error] [php] Undefined index: Docs (/var/www/dxapp/protected/controllers/DocsController.php:164)
Stack trace:
#0 /var/www/yii/framework/web/filters/CFilterChain.php(134): DocsController->runAction()
#1 /var/www/yii/framework/web/filters/CFilter.php(41): CFilterChain->run()
#2 /var/www/yii/framework/web/CController.php(1144): CAccessControlFilter->filter()
#3 /var/www/yii/framework/web/filters/CInlineFilter.php(59): DocsController->filterAccessControl()
#4 /var/www/yii/framework/web/filters/CFilterChain.php(131): CInlineFilter->filter()
#5 /var/www/yii/framework/web/CController.php(283): CFilterChain->run()
#6 /var/www/yii/framework/web/CController.php(257): DocsController->runActionWithFilters()
#7 /var/www/yii/framework/web/CWebApplication.php(277): DocsController->run()
#8 /var/www/yii/framework/web/CWebApplication.php(136): CWebApplication->runController()
#9 /var/www/yii/framework/base/CApplication.php(158): CWebApplication->processRequest()
#10 /var/www/dxapp/index.php(13): CWebApplication->run()
REQUEST_URI=/index.php/docs/index
in /var/www/dxapp/protected/controllers/DocsController.php (164)
in /var/www/dxapp/index.php (13)
2011/07/11 11:58:03 [error] [php] Indirect modification of overloaded property Docs::$attributes has no effect (/var/www/dxapp/protected/controllers/DocsController.php:162)
Stack trace:
#0 /var/www/yii/framework/web/filters/CFilterChain.php(134): DocsController->runAction()
#1 /var/www/yii/framework/web/filters/CFilter.php(41): CFilterChain->run()
#2 /var/www/yii/framework/web/CController.php(1144): CAccessControlFilter->filter()
#3 /var/www/yii/framework/web/filters/CInlineFilter.php(59): DocsController->filterAccessControl()
#4 /var/www/yii/framework/web/filters/CFilterChain.php(131): CInlineFilter->filter()
#5 /var/www/yii/framework/web/CController.php(283): CFilterChain->run()
#6 /var/www/yii/framework/web/CController.php(257): DocsController->runActionWithFilters()
#7 /var/www/yii/framework/web/CWebApplication.php(277): DocsController->run()
#8 /var/www/yii/framework/web/CWebApplication.php(136): CWebApplication->runController()
#9 /var/www/yii/framework/base/CApplication.php(158): CWebApplication->processRequest()
#10 /var/www/dxapp/index.php(13): CWebApplication->run()
REQUEST_URI=/index.php/docs/index
in /var/www/dxapp/protected/controllers/DocsController.php (162)
in /var/www/dxapp/index.php (13)
2011/07/11 12:04:06 [error] [exception.CHttpException.404] exception 'CHttpException' with message 'Unable to resolve the request "download/view".' in /var/www/yii/framework/web/CWebApplication.php:281
Stack trace:
#0 /var/www/yii/framework/web/CWebApplication.php(136): CWebApplication->runController('download/view')
#1 /var/www/yii/framework/base/CApplication.php(158): CWebApplication->processRequest()
#2 /var/www/dxapp/index.php(13): CApplication->run()
#3 {main} REQUEST_URI=/index.php/download/4
2011/07/11 12:04:25 [error] [exception.CHttpException.404] exception 'CHttpException' with message 'Unable to resolve the request "download/view".' in /var/www/yii/framework/web/CWebApplication.php:281
Stack trace:
#0 /var/www/yii/framework/web/CWebApplication.php(136): CWebApplication->runController('download/view')
#1 /var/www/yii/framework/base/CApplication.php(158): CWebApplication->processRequest()
#2 /var/www/dxapp/index.php(13): CApplication->run()
#3 {main} REQUEST_URI=/index.php/download/3
2011/07/11 12:17:13 [error] [exception.CException] exception 'CException' with message 'Property "CGridView.sort" is not defined.' in /var/www/yii/framework/base/CComponent.php:174
Stack trace:
#0 /var/www/yii/framework/web/CWidgetFactory.php(162): CComponent->__set('sort', Array)
#1 /var/www/yii/framework/web/CBaseController.php(139): CWidgetFactory->createWidget(Object(DocsController), 'zii.widgets.gri...', Array)
#2 /var/www/yii/framework/web/CBaseController.php(165): CBaseController->createWidget('zii.widgets.gri...', Array)
#3 /var/www/dxapp/protected/views/docs/index.php(48): CBaseController->widget('zii.widgets.gri...', Array)
#4 /var/www/yii/framework/web/CBaseController.php(119): require('/var/www/dxapp/...')
#5 /var/www/yii/framework/web/CBaseController.php(88): CBaseController->renderInternal('/var/www/dxapp/...', Array, true)
#6 /var/www/yii/framework/web/CController.php(866): CBaseController->renderFile('/var/www/dxapp/...', Array, true)
#7 /var/www/yii/framework/web/CController.php(779): CController->renderPartial('index', Array, true)
#8 /var/www/dxapp/protected/controllers/DocsController.php(169): CController->render('index', Array)
#9 /var/www/yii/framework/web/actions/CInlineAction.php(50): DocsController->actionIndex()
#10 /var/www/yii/framework/web/CController.php(300): CInlineAction->runWithParams(Array)
#11 /var/www/yii/framework/web/filters/CFilterChain.php(134): CController->runAction(Object(CInlineAction))
#12 /var/www/yii/framework/web/filters/CFilter.php(41): CFilterChain->run()
#13 /var/www/yii/framework/web/CController.php(1144): CFilter->filter(Object(CFilterChain))
#14 /var/www/yii/framework/web/filters/CInlineFilter.php(59): CController->filterAccessControl(Object(CFilterChain))
#15 /var/www/yii/framework/web/filters/CFilterChain.php(131): CInlineFilter->filter(Object(CFilterChain))
#16 /var/www/yii/framework/web/CController.php(283): CFilterChain->run()
#17 /var/www/yii/framework/web/CController.php(257): CController->runActionWithFilters(Object(CInlineAction), Array)
#18 /var/www/yii/framework/web/CWebApplication.php(277): CController->run('index')
#19 /var/www/yii/framework/web/CWebApplication.php(136): CWebApplication->runController('docs/index')
#20 /var/www/yii/framework/base/CApplication.php(158): CWebApplication->processRequest()
#21 /var/www/dxapp/index.php(13): CApplication->run()
#22 {main} REQUEST_URI=/index.php/docs/index
2011/07/11 12:26:37 [error] [system.db.CDbCommand] CDbCommand::fetchColumn() failed: SQLSTATE[42S22]: Column not found: 1054 Unknown column 'client' in 'where clause'. The SQL statement executed was: SELECT COUNT(*) FROM `Docs` `t` WHERE role=client.
in /var/www/dxapp/protected/views/docs/index.php (40)
in /var/www/dxapp/protected/controllers/DocsController.php (181)
in /var/www/dxapp/index.php (13)
2011/07/11 12:26:37 [error] [exception.CDbException] exception 'CDbException' with message 'CDbCommand failed to execute the SQL statement: SQLSTATE[42S22]: Column not found: 1054 Unknown column 'client' in 'where clause'. The SQL statement executed was: SELECT COUNT(*) FROM `Docs` `t` WHERE role=client' in /var/www/yii/framework/db/CDbCommand.php:516
Stack trace:
#0 /var/www/yii/framework/db/CDbCommand.php(411): CDbCommand->queryInternal('fetchColumn', 0, Array)
#1 /var/www/yii/framework/db/ar/CActiveRecord.php(1540): CDbCommand->queryScalar()
#2 /var/www/yii/framework/web/CActiveDataProvider.php(176): CActiveRecord->count(Object(CDbCriteria))
#3 /var/www/yii/framework/web/CDataProvider.php(184): CActiveDataProvider->calculateTotalItemCount()
#4 /var/www/yii/framework/web/CActiveDataProvider.php(126): CDataProvider->getTotalItemCount()
#5 /var/www/yii/framework/web/CDataProvider.php(128): CActiveDataProvider->fetchData()
#6 /var/www/yii/framework/zii/widgets/CBaseListView.php(105): CDataProvider->getData()
#7 /var/www/yii/framework/zii/widgets/grid/CGridView.php(264): CBaseListView->init()
#8 /var/www/yii/framework/web/CBaseController.php(140): CGridView->init()
#9 /var/www/yii/framework/web/CBaseController.php(165): CBaseController->createWidget('zii.widgets.gri...', Array)
#10 /var/www/dxapp/protected/views/docs/index.php(40): CBaseController->widget('zii.widgets.gri...', Array)
#11 /var/www/yii/framework/web/CBaseController.php(119): require('/var/www/dxapp/...')
#12 /var/www/yii/framework/web/CBaseController.php(88): CBaseController->renderInternal('/var/www/dxapp/...', Array, true)
#13 /var/www/yii/framework/web/CController.php(866): CBaseController->renderFile('/var/www/dxapp/...', Array, true)
#14 /var/www/yii/framework/web/CController.php(779): CController->renderPartial('index', Array, true)
#15 /var/www/dxapp/protected/controllers/DocsController.php(181): CController->render('index', Array)
#16 /var/www/yii/framework/web/actions/CInlineAction.php(50): DocsController->actionIndex()
#17 /var/www/yii/framework/web/CController.php(300): CInlineAction->runWithParams(Array)
#18 /var/www/yii/framework/web/filters/CFilterChain.php(134): CController->runAction(Object(CInlineAction))
#19 /var/www/yii/framework/web/filters/CFilter.php(41): CFilterChain->run()
#20 /var/www/yii/framework/web/CController.php(1144): CFilter->filter(Object(CFilterChain))
#21 /var/www/yii/framework/web/filters/CInlineFilter.php(59): CController->filterAccessControl(Object(CFilterChain))
#22 /var/www/yii/framework/web/filters/CFilterChain.php(131): CInlineFilter->filter(Object(CFilterChain))
#23 /var/www/yii/framework/web/CController.php(283): CFilterChain->run()
#24 /var/www/yii/framework/web/CController.php(257): CController->runActionWithFilters(Object(CInlineAction), Array)
#25 /var/www/yii/framework/web/CWebApplication.php(277): CController->run('index')
#26 /var/www/yii/framework/web/CWebApplication.php(136): CWebApplication->runController('docs/index')
#27 /var/www/yii/framework/base/CApplication.php(158): CWebApplication->processRequest()
#28 /var/www/dxapp/index.php(13): CApplication->run()
#29 {main} REQUEST_URI=/index.php/docs/index
2011/07/11 12:49:21 [error] [exception.CHttpException.404] exception 'CHttpException' with message 'Unable to resolve the request "gii".' in /var/www/yii/framework/web/CWebApplication.php:281
Stack trace:
#0 /var/www/yii/framework/web/CWebApplication.php(136): CWebApplication->runController('gii')
#1 /var/www/yii/framework/base/CApplication.php(158): CWebApplication->processRequest()
#2 /var/www/dxapp/index.php(13): CApplication->run()
#3 {main} REQUEST_URI=/index.php/gii
2011/07/11 12:49:40 [error] [exception.CHttpException.403] exception 'CHttpException' with message 'You are not authorized to perform this action.' in /var/www/yii/framework/web/auth/CAccessControlFilter.php:158
Stack trace:
#0 /var/www/yii/framework/web/auth/CAccessControlFilter.php(120): CAccessControlFilter->accessDenied(Object(CWebUser), 'You are not aut...')
#1 /var/www/yii/framework/web/filters/CFilter.php(39): CAccessControlFilter->preFilter(Object(CFilterChain))
#2 /var/www/yii/framework/web/CController.php(1144): CFilter->filter(Object(CFilterChain))
#3 /var/www/yii/framework/web/filters/CInlineFilter.php(59): CController->filterAccessControl(Object(CFilterChain))
#4 /var/www/yii/framework/web/filters/CFilterChain.php(131): CInlineFilter->filter(Object(CFilterChain))
#5 /var/www/yii/framework/web/CController.php(283): CFilterChain->run()
#6 /var/www/yii/framework/web/CController.php(257): CController->runActionWithFilters(Object(CInlineAction), Array)
#7 /var/www/yii/framework/web/CWebApplication.php(277): CController->run('')
#8 /var/www/yii/framework/web/CWebApplication.php(136): CWebApplication->runController('users')
#9 /var/www/yii/framework/base/CApplication.php(158): CWebApplication->processRequest()
#10 /var/www/dxapp/index.php(13): CApplication->run()
#11 {main} REQUEST_URI=/index.php/users
2011/07/11 12:49:44 [error] [exception.CHttpException.404] exception 'CHttpException' with message 'Unable to resolve the request "doca".' in /var/www/yii/framework/web/CWebApplication.php:281
Stack trace:
#0 /var/www/yii/framework/web/CWebApplication.php(136): CWebApplication->runController('doca')
#1 /var/www/yii/framework/base/CApplication.php(158): CWebApplication->processRequest()
#2 /var/www/dxapp/index.php(13): CApplication->run()
#3 {main} REQUEST_URI=/index.php/doca
